<?xml version="1.0" encoding="UTF-8"?>
<!-- Generated by org.testng.reporters.JUnitReportReporter -->
<testsuite skipped="0" hostname="A2ML23643" name="pages.BookReturnFlight" tests="2" failures="0" timestamp="07 Feb 2019 21:06:29 GMT" time="19.824" errors="1">
  <testcase name="bookingflight" time="19.740" classname="pages.BookReturnFlight"/>
  <testcase name="afterSuite" time="0.084" classname="pages.BookReturnFlight">
    <error type="java.lang.NoClassDefFoundError" message="com/itextpdf/text/log/LoggerFactory">
      <![CDATA[java.lang.NoClassDefFoundError: com/itextpdf/text/log/LoggerFactory
at com.itextpdf.tool.xml.net.FileRetrieveImpl.<clinit>(FileRetrieveImpl.java:67)
at com.itextpdf.tool.xml.css.StyleAttrCSSResolver.<init>(StyleAttrCSSResolver.java:113)
at com.itextpdf.tool.xml.css.StyleAttrCSSResolver.<init>(StyleAttrCSSResolver.java:102)
at com.itextpdf.tool.xml.css.StyleAttrCSSResolver.<init>(StyleAttrCSSResolver.java:90)
at com.itextpdf.tool.xml.XMLWorkerHelper.parseXHtml(XMLWorkerHelper.java:174)
at pages.BookReturnFlight.afterSuite(BookReturnFlight.java:285)
at sun.reflect.NativeMethodAccessorImpl.invoke0(Native Method)
at sun.reflect.NativeMethodAccessorImpl.invoke(Unknown Source)
at sun.reflect.DelegatingMethodAccessorImpl.invoke(Unknown Source)
at java.lang.reflect.Method.invoke(Unknown Source)
at org.testng.internal.MethodInvocationHelper.invokeMethod(MethodInvocationHelper.java:124)
at org.testng.internal.MethodInvocationHelper.invokeMethodConsideringTimeout(MethodInvocationHelper.java:59)
at org.testng.internal.Invoker.invokeConfigurationMethod(Invoker.java:455)
at org.testng.internal.Invoker.invokeConfigurations(Invoker.java:222)
at org.testng.internal.Invoker.invokeConfigurations(Invoker.java:142)
at org.testng.SuiteRunner.privateRun(SuiteRunner.java:425)
at org.testng.SuiteRunner.run(SuiteRunner.java:364)
at org.testng.SuiteRunnerWorker.runSuite(SuiteRunnerWorker.java:52)
at org.testng.SuiteRunnerWorker.run(SuiteRunnerWorker.java:84)
at org.testng.TestNG.runSuitesSequentially(TestNG.java:1208)
at org.testng.TestNG.runSuitesLocally(TestNG.java:1137)
at org.testng.TestNG.runSuites(TestNG.java:1049)
at org.testng.TestNG.run(TestNG.java:1017)
at org.testng.remote.AbstractRemoteTestNG.run(AbstractRemoteTestNG.java:114)
at org.testng.remote.RemoteTestNG.initAndRun(RemoteTestNG.java:251)
at org.testng.remote.RemoteTestNG.main(RemoteTestNG.java:77)
Caused by: java.lang.ClassNotFoundException: com.itextpdf.text.log.LoggerFactory
at java.net.URLClassLoader.findClass(Unknown Source)
at java.lang.ClassLoader.loadClass(Unknown Source)
at sun.misc.Launcher$AppClassLoader.loadClass(Unknown Source)
at java.lang.ClassLoader.loadClass(Unknown Source)
... 26 more
]]>
    </error>
  </testcase> <!-- afterSuite -->
</testsuite> <!-- pages.BookReturnFlight -->
