<?xml version="1.0" encoding="UTF-8"?>
<!-- Generated by org.testng.reporters.JUnitReportReporter -->
<testsuite skipped="0" hostname="A2ML23643" name="pages.LoginVaidation" tests="1" failures="0" timestamp="07 Feb 2019 21:06:29 GMT" time="5.932" errors="0">
  <testcase name="login" time="5.932" classname="pages.LoginVaidation"/>
</testsuite> <!-- pages.LoginVaidation -->
